#
# A fatal error has been detected by the Java Runtime Environment:
#
#  EXCEPTION_UNCAUGHT_CXX_EXCEPTION (0xe06d7363) at pc=0x00007ffca19bf39c, pid=2708, tid=0x0000000000001e00
#
# JRE version: OpenJDK Runtime Environment (Zulu 8.78.0.19-CA-win64) (8.0_412-b08) (build 1.8.0_412-b08)
# Java VM: OpenJDK 64-Bit Server VM (25.412-b08 mixed mode windows-amd64 compressed oops)
# Problematic frame:
# C  [KERNELBASE.dll+0x5f39c]
#
# Failed to write core dump. Minidumps are not enabled by default on client versions of Windows
#
# If you would like to submit a bug report, please visit:
#   http://www.azul.com/support/
# The crash happened outside the Java Virtual Machine in native code.
# See problematic frame for where to report the bug.
#

---------------  T H R E A D  ---------------

Current thread (0x00000269b17fd800):  JavaThread "main" [_thread_in_native, id=7680, stack(0x000000c637400000,0x000000c6375f0000)]

siginfo: ExceptionCode=0xe06d7363, ExceptionInformation=0x0000000019930520 0x000000c6375edc00 0x00007ffc862d90b0 0x00007ffc86270000 

Registers:
RAX=0x00007ffc862d90b0, RBX=0x00007ffc862d90b0, RCX=0x000000c6375ed448, RDX=0x00000269afa39404
RSP=0x000000c6375ed9f0, RBP=0x000000c6375edc30, RSI=0x000000c6375edc00, RDI=0x0000000019930520
R8 =0x000000c6375ed448, R9 =0x00007ffc862d90b0, R10=0x00007ffc86270000, R11=0x0000026900000000
R12=0x000000c6375edd20, R13=0x00000269d3586b00, R14=0x00000269b2bc0280, R15=0x00000269b2bd8880
RIP=0x00007ffca19bf39c, EFLAGS=0x0000000000000202

Top of Stack: (sp=0x000000c6375ed9f0)
0x000000c6375ed9f0:   0000000000000001 00007ffc862d90b0
0x000000c6375eda00:   000000c6375edc00 00000269b2bc0280
0x000000c6375eda10:   00000081e06d7363 0000000000000000
0x000000c6375eda20:   00007ffca19bf39c 0000000000000004
0x000000c6375eda30:   0000000019930520 000000c6375edc00
0x000000c6375eda40:   00007ffc862d90b0 00007ffc86270000
0x000000c6375eda50:   0000026900000000 000000c6375e0000
0x000000c6375eda60:   0000000000000000 00007ffc862d90b0
0x000000c6375eda70:   00000269b2bc0280 00007ffca4046a8f
0x000000c6375eda80:   000000c6375edaf0 00007ffc862e0000
0x000000c6375eda90:   000000c6375edc00 0000000019930520
0x000000c6375edaa0:   00007ffc862e0000 00007ffc86270000
0x000000c6375edab0:   00000b08f23c39aa 00007ffc959b4f9e
0x000000c6375edac0:   00007ffc862d90b0 00007ffc959b5267
0x000000c6375edad0:   000000c6375edc78 0000000000000000
0x000000c6375edae0:   000000c6375edc30 00007ffc86289071 

Instructions: (pc=0x00007ffca19bf39c)
0x00007ffca19bf37c:   0f 46 c0 44 8b c0 44 89 44 24 38 49 c1 e0 03 e8
0x00007ffca19bf38c:   b7 22 07 00 48 8d 4c 24 20 48 ff 15 c4 56 20 00
0x00007ffca19bf39c:   0f 1f 44 00 00 48 8b 8c 24 c0 00 00 00 48 33 cc
0x00007ffca19bf3ac:   e8 7f 07 05 00 48 81 c4 d8 00 00 00 c3 cc 83 64 


Register to memory mapping:

RAX=0x00007ffc862d90b0 is an unknown value
RBX=0x00007ffc862d90b0 is an unknown value
RCX=0x000000c6375ed448 is pointing into the stack for thread: 0x00000269b17fd800
RDX=0x00000269afa39404 is an unknown value
RSP=0x000000c6375ed9f0 is pointing into the stack for thread: 0x00000269b17fd800
RBP=0x000000c6375edc30 is pointing into the stack for thread: 0x00000269b17fd800
RSI=0x000000c6375edc00 is pointing into the stack for thread: 0x00000269b17fd800
RDI=0x0000000019930520 is an unknown value
R8 =0x000000c6375ed448 is pointing into the stack for thread: 0x00000269b17fd800
R9 =0x00007ffc862d90b0 is an unknown value
R10=0x00007ffc86270000 is an unknown value
R11=0x0000026900000000 is an unknown value
R12=0x000000c6375edd20 is pointing into the stack for thread: 0x00000269b17fd800
R13=0x00000269d3586b00 is an unknown value
R14=0x00000269b2bc0280 is an unknown value
R15=0x00000269b2bd8880 is an unknown value


Stack: [0x000000c637400000,0x000000c6375f0000],  sp=0x000000c6375ed9f0,  free space=1974k
Native frames: (J=compiled Java code, j=interpreted, Vv=VM code, C=native code)
C  [KERNELBASE.dll+0x5f39c]
C  [VCRUNTIME140.dll+0x5267]
C  [_jpype.cp312-win_amd64.pyd+0x3df55]
C  [_jpype.cp312-win_amd64.pyd+0x2c35b]
C  0x00000269b2c79d8e

Java frames: (J=compiled Java code, j=interpreted, Vv=VM code)
j  org.jpype.manager.TypeFactoryNative.newWrapper(JJ)V+0
j  org.jpype.JPypeContext.newWrapper(J)V+16
v  ~StubRoutines::call_stub
j  org.jpype.manager.TypeFactoryNative.newWrapper(JJ)V+0
j  org.jpype.JPypeContext.newWrapper(J)V+16
v  ~StubRoutines::call_stub

---------------  P R O C E S S  ---------------

Java Threads: ( => current thread )
  0x00000269d2092000 JavaThread "Thread-0" [_thread_in_native, id=16060, stack(0x000000c63bbb0000,0x000000c63bda0000)]
  0x00000269d208f000 JavaThread "Thread-2" daemon [_thread_in_native, id=5056, stack(0x000000c63b5e0000,0x000000c63b7d0000)]
  0x00000269d208d800 JavaThread "Quit" [_thread_blocked, id=10660, stack(0x000000c63b3f0000,0x000000c63b5e0000)]
  0x00000269d208e800 JavaThread "MarlinRenderer Disposer" daemon [_thread_blocked, id=12844, stack(0x000000c63b200000,0x000000c63b3f0000)]
  0x00000269b165e800 JavaThread "TimerQueue" daemon [_thread_blocked, id=14344, stack(0x000000c63a850000,0x000000c63aa40000)]
  0x00000269b1654800 JavaThread "Java2D Disposer" daemon [_thread_blocked, id=12176, stack(0x000000c639ac0000,0x000000c639cb0000)]
  0x00000269b1652000 JavaThread "Service Thread" daemon [_thread_blocked, id=6708, stack(0x000000c639300000,0x000000c6394f0000)]
  0x00000269b1bcc800 JavaThread "C1 CompilerThread2" daemon [_thread_blocked, id=7228, stack(0x000000c639110000,0x000000c639300000)]
  0x00000269b1bcc000 JavaThread "C2 CompilerThread1" daemon [_thread_blocked, id=15440, stack(0x000000c638f20000,0x000000c639110000)]
  0x00000269b1bcb000 JavaThread "C2 CompilerThread0" daemon [_thread_blocked, id=15432, stack(0x000000c638d30000,0x000000c638f20000)]
  0x00000269b1bbd000 JavaThread "Attach Listener" daemon [_thread_blocked, id=12532, stack(0x000000c638b40000,0x000000c638d30000)]
  0x00000269b1bba800 JavaThread "Signal Dispatcher" daemon [_thread_blocked, id=6684, stack(0x000000c638950000,0x000000c638b40000)]
  0x00000269b1b95800 JavaThread "Finalizer" daemon [_thread_blocked, id=5568, stack(0x000000c638760000,0x000000c638950000)]
  0x00000269b1b8d800 JavaThread "Reference Handler" daemon [_thread_blocked, id=2816, stack(0x000000c638570000,0x000000c638760000)]
=>0x00000269b17fd800 JavaThread "main" [_thread_in_native, id=7680, stack(0x000000c637400000,0x000000c6375f0000)]

Other Threads:
  0x00000269b1b41000 VMThread [stack: 0x000000c638380000,0x000000c638570000] [id=12544]
  0x00000269b1c68800 WatcherThread [stack: 0x000000c6394f0000,0x000000c6396e0000] [id=7712]

VM state:not at safepoint (normal execution)

VM Mutex/Monitor currently owned by a thread: None

heap address: 0x0000000641c00000, size: 6116 MB, Compressed Oops mode: Zero based, Oop shift amount: 3
Narrow klass base: 0x0000000000000000, Narrow klass shift: 3
Compressed class space size: 1073741824 Address: 0x00000007c0000000

Heap:
 PSYoungGen      total 248832K, used 9573K [0x0000000740980000, 0x0000000750c80000, 0x00000007c0000000)
  eden space 232448K, 4% used [0x0000000740980000,0x00000007412d97d0,0x000000074ec80000)
  from space 16384K, 0% used [0x000000074fc80000,0x000000074fc80000,0x0000000750c80000)
  to   space 16384K, 0% used [0x000000074ec80000,0x000000074ec80000,0x000000074fc80000)
 ParOldGen       total 198656K, used 22484K [0x0000000641c00000, 0x000000064de00000, 0x0000000740980000)
  object space 198656K, 11% used [0x0000000641c00000,0x00000006431f50c0,0x000000064de00000)
 Metaspace       used 42605K, capacity 43565K, committed 43776K, reserved 1087488K
  class space    used 6110K, capacity 6374K, committed 6400K, reserved 1048576K

Card table byte_map: [0x00000269c2020000,0x00000269c2c20000] byte_map_base: 0x00000269bee12000

Marking Bits: (ParMarkBitMap*) 0x0000000055da63c0
 Begin Bits: [0x00000269c3420000, 0x00000269c93b0000)
 End Bits:   [0x00000269c93b0000, 0x00000269cf340000)

Polling page: 0x00000269b2c30000

CodeCache: size=245760Kb used=11546Kb max_used=11552Kb free=234213Kb
 bounds [0x00000269b2c60000, 0x00000269b37c0000, 0x00000269c1c60000]
 total_blobs=4010 nmethods=3322 adapters=599
 compilation: enabled

Compilation events (10 events):
Event: 9.340 Thread 0x00000269b1bcc800 nmethod 3974 0x00000269b315c1d0 code [0x00000269b315c360, 0x00000269b315c7d0]
Event: 9.340 Thread 0x00000269b1bcb000 nmethod 3966 0x00000269b2dad0d0 code [0x00000269b2dad220, 0x00000269b2dad518]
Event: 9.344 Thread 0x00000269b1bcc000 3975       4       sun.awt.AWTAutoShutdown::isReadyToShutdown (37 bytes)
Event: 9.344 Thread 0x00000269b1bcc000 nmethod 3975 0x00000269b3183dd0 code [0x00000269b3183f20, 0x00000269b3183fd8]
Event: 9.348 Thread 0x00000269b1bcc800 3976       1       java.awt.Window::getContainer (2 bytes)
Event: 9.348 Thread 0x00000269b1bcc800 nmethod 3976 0x00000269b321bc50 code [0x00000269b321bda0, 0x00000269b321beb8]
Event: 9.353 Thread 0x00000269b1bcc800 3977       3       java.awt.EventQueue::eventToCacheIndex (80 bytes)
Event: 9.353 Thread 0x00000269b1bcc800 nmethod 3977 0x00000269b3065dd0 code [0x00000269b3065f40, 0x00000269b3066418]
Event: 9.356 Thread 0x00000269b1bcc800 3978       3       java.util.logging.LogManager$LoggerContext::ensureDefaultLogger (70 bytes)
Event: 9.357 Thread 0x00000269b1bcc800 nmethod 3978 0x00000269b2f89490 code [0x00000269b2f89640, 0x00000269b2f89ef0]

GC Heap History (10 events):
Event: 4.529 GC heap before
{Heap before GC invocations=25 (full 11):
 PSYoungGen      total 212992K, used 7564K [0x0000000740980000, 0x000000074e980000, 0x00000007c0000000)
  eden space 196608K, 3% used [0x0000000740980000,0x00000007410e3038,0x000000074c980000)
  from space 16384K, 0% used [0x000000074c980000,0x000000074c980000,0x000000074d980000)
  to   space 16384K, 0% used [0x000000074d980000,0x000000074d980000,0x000000074e980000)
 ParOldGen       total 198656K, used 16616K [0x0000000641c00000, 0x000000064de00000, 0x0000000740980000)
  object space 198656K, 8% used [0x0000000641c00000,0x0000000642c3a370,0x000000064de00000)
 Metaspace       used 30015K, capacity 30419K, committed 30848K, reserved 1075200K
  class space    used 3992K, capacity 4134K, committed 4224K, reserved 1048576K
Event: 4.530 GC heap after
Heap after GC invocations=25 (full 11):
 PSYoungGen      total 212992K, used 407K [0x0000000740980000, 0x0000000750c80000, 0x00000007c0000000)
  eden space 196608K, 0% used [0x0000000740980000,0x0000000740980000,0x000000074c980000)
  from space 16384K, 2% used [0x000000074d980000,0x000000074d9e5dd8,0x000000074e980000)
  to   space 16384K, 0% used [0x000000074c980000,0x000000074c980000,0x000000074d980000)
 ParOldGen       total 198656K, used 16624K [0x0000000641c00000, 0x000000064de00000, 0x0000000740980000)
  object space 198656K, 8% used [0x0000000641c00000,0x0000000642c3c370,0x000000064de00000)
 Metaspace       used 30015K, capacity 30419K, committed 30848K, reserved 1075200K
  class space    used 3992K, capacity 4134K, committed 4224K, reserved 1048576K
}
Event: 9.201 GC heap before
{Heap before GC invocations=26 (full 11):
 PSYoungGen      total 212992K, used 142820K [0x0000000740980000, 0x0000000750c80000, 0x00000007c0000000)
  eden space 196608K, 72% used [0x0000000740980000,0x0000000749493448,0x000000074c980000)
  from space 16384K, 2% used [0x000000074d980000,0x000000074d9e5dd8,0x000000074e980000)
  to   space 16384K, 0% used [0x000000074c980000,0x000000074c980000,0x000000074d980000)
 ParOldGen       total 198656K, used 16624K [0x0000000641c00000, 0x000000064de00000, 0x0000000740980000)
  object space 198656K, 8% used [0x0000000641c00000,0x0000000642c3c370,0x000000064de00000)
 Metaspace       used 42584K, capacity 43501K, committed 43776K, reserved 1087488K
  class space    used 6108K, capacity 6374K, committed 6400K, reserved 1048576K
Event: 9.213 GC heap after
Heap after GC invocations=26 (full 11):
 PSYoungGen      total 212992K, used 16127K [0x0000000740980000, 0x0000000750c80000, 0x00000007c0000000)
  eden space 196608K, 0% used [0x0000000740980000,0x0000000740980000,0x000000074c980000)
  from space 16384K, 98% used [0x000000074c980000,0x000000074d93fc10,0x000000074d980000)
  to   space 16384K, 0% used [0x000000074fc80000,0x000000074fc80000,0x0000000750c80000)
 ParOldGen       total 198656K, used 16632K [0x0000000641c00000, 0x000000064de00000, 0x0000000740980000)
  object space 198656K, 8% used [0x0000000641c00000,0x0000000642c3e370,0x000000064de00000)
 Metaspace       used 42584K, capacity 43501K, committed 43776K, reserved 1087488K
  class space    used 6108K, capacity 6374K, committed 6400K, reserved 1048576K
}
Event: 9.213 GC heap before
{Heap before GC invocations=27 (full 12):
 PSYoungGen      total 212992K, used 16127K [0x0000000740980000, 0x0000000750c80000, 0x00000007c0000000)
  eden space 196608K, 0% used [0x0000000740980000,0x0000000740980000,0x000000074c980000)
  from space 16384K, 98% used [0x000000074c980000,0x000000074d93fc10,0x000000074d980000)
  to   space 16384K, 0% used [0x000000074fc80000,0x000000074fc80000,0x0000000750c80000)
 ParOldGen       total 198656K, used 16632K [0x0000000641c00000, 0x000000064de00000, 0x0000000740980000)
  object space 198656K, 8% used [0x0000000641c00000,0x0000000642c3e370,0x000000064de00000)
 Metaspace       used 42584K, capacity 43501K, committed 43776K, reserved 1087488K
  class space    used 6108K, capacity 6374K, committed 6400K, reserved 1048576K
Event: 9.329 GC heap after
Heap after GC invocations=27 (full 12):
 PSYoungGen      total 212992K, used 0K [0x0000000740980000, 0x0000000750c80000, 0x00000007c0000000)
  eden space 196608K, 0% used [0x0000000740980000,0x0000000740980000,0x000000074c980000)
  from space 16384K, 0% used [0x000000074c980000,0x000000074c980000,0x000000074d980000)
  to   space 16384K, 0% used [0x000000074fc80000,0x000000074fc80000,0x0000000750c80000)
 ParOldGen       total 198656K, used 28844K [0x0000000641c00000, 0x000000064de00000, 0x0000000740980000)
  object space 198656K, 14% used [0x0000000641c00000,0x000000064382b0b8,0x000000064de00000)
 Metaspace       used 42584K, capacity 43501K, committed 43776K, reserved 1087488K
  class space    used 6108K, capacity 6374K, committed 6400K, reserved 1048576K
}
Event: 9.363 GC heap before
{Heap before GC invocations=28 (full 12):
 PSYoungGen      total 212992K, used 13175K [0x0000000740980000, 0x0000000750c80000, 0x00000007c0000000)
  eden space 196608K, 6% used [0x0000000740980000,0x000000074165dff8,0x000000074c980000)
  from space 16384K, 0% used [0x000000074c980000,0x000000074c980000,0x000000074d980000)
  to   space 16384K, 0% used [0x000000074fc80000,0x000000074fc80000,0x0000000750c80000)
 ParOldGen       total 198656K, used 28844K [0x0000000641c00000, 0x000000064de00000, 0x0000000740980000)
  object space 198656K, 14% used [0x0000000641c00000,0x000000064382b0b8,0x000000064de00000)
 Metaspace       used 42604K, capacity 43565K, committed 43776K, reserved 1087488K
  class space    used 6110K, capacity 6374K, committed 6400K, reserved 1048576K
Event: 9.364 GC heap after
Heap after GC invocations=28 (full 12):
 PSYoungGen      total 248832K, used 96K [0x0000000740980000, 0x0000000750c80000, 0x00000007c0000000)
  eden space 232448K, 0% used [0x0000000740980000,0x0000000740980000,0x000000074ec80000)
  from space 16384K, 0% used [0x000000074fc80000,0x000000074fc98000,0x0000000750c80000)
  to   space 16384K, 0% used [0x000000074ec80000,0x000000074ec80000,0x000000074fc80000)
 ParOldGen       total 198656K, used 28844K [0x0000000641c00000, 0x000000064de00000, 0x0000000740980000)
  object space 198656K, 14% used [0x0000000641c00000,0x000000064382b0b8,0x000000064de00000)
 Metaspace       used 42604K, capacity 43565K, committed 43776K, reserved 1087488K
  class space    used 6110K, capacity 6374K, committed 6400K, reserved 1048576K
}
Event: 9.364 GC heap before
{Heap before GC invocations=29 (full 13):
 PSYoungGen      total 248832K, used 96K [0x0000000740980000, 0x0000000750c80000, 0x00000007c0000000)
  eden space 232448K, 0% used [0x0000000740980000,0x0000000740980000,0x000000074ec80000)
  from space 16384K, 0% used [0x000000074fc80000,0x000000074fc98000,0x0000000750c80000)
  to   space 16384K, 0% used [0x000000074ec80000,0x000000074ec80000,0x000000074fc80000)
 ParOldGen       total 198656K, used 28844K [0x0000000641c00000, 0x000000064de00000, 0x0000000740980000)
  object space 198656K, 14% used [0x0000000641c00000,0x000000064382b0b8,0x000000064de00000)
 Metaspace       used 42604K, capacity 43565K, committed 43776K, reserved 1087488K
  class space    used 6110K, capacity 6374K, committed 6400K, reserved 1048576K
Event: 9.479 GC heap after
Heap after GC invocations=29 (full 13):
 PSYoungGen      total 248832K, used 0K [0x0000000740980000, 0x0000000750c80000, 0x00000007c0000000)
  eden space 232448K, 0% used [0x0000000740980000,0x0000000740980000,0x000000074ec80000)
  from space 16384K, 0% used [0x000000074fc80000,0x000000074fc80000,0x0000000750c80000)
  to   space 16384K, 0% used [0x000000074ec80000,0x000000074ec80000,0x000000074fc80000)
 ParOldGen       total 198656K, used 22484K [0x0000000641c00000, 0x000000064de00000, 0x0000000740980000)
  object space 198656K, 11% used [0x0000000641c00000,0x00000006431f50c0,0x000000064de00000)
 Metaspace       used 42604K, capacity 43565K, committed 43776K, reserved 1087488K
  class space    used 6110K, capacity 6374K, committed 6400K, reserved 1048576K
}

Deoptimization events (10 events):
Event: 5.410 Thread 0x00000269b17fd800 Uncommon trap: reason=unstable_if action=reinterpret pc=0x00000269b3101fa4 method=java.util.HashMap.hash(Ljava/lang/Object;)I @ 1
Event: 5.410 Thread 0x00000269b17fd800 Uncommon trap: reason=unstable_if action=reinterpret pc=0x00000269b3342ae0 method=java.util.HashMap.getNode(ILjava/lang/Object;)Ljava/util/HashMap$Node; @ 53
Event: 5.458 Thread 0x00000269b165d000 Uncommon trap: reason=unstable_if action=reinterpret pc=0x00000269b2e5eb74 method=java.util.IdentityHashMap.get(Ljava/lang/Object;)Ljava/lang/Object; @ 43
Event: 5.681 Thread 0x00000269b17fd800 Uncommon trap: reason=unstable_if action=reinterpret pc=0x00000269b307b984 method=sun.nio.ch.Util$BufferCache.get(I)Ljava/nio/ByteBuffer; @ 47
Event: 5.742 Thread 0x00000269b17fd800 Uncommon trap: reason=unstable_if action=reinterpret pc=0x00000269b363ee6c method=jdk.internal.org.objectweb.asm.Type.getArgumentsAndReturnSizes(Ljava/lang/String;)I @ 41
Event: 5.747 Thread 0x00000269b17fd800 Uncommon trap: reason=class_check action=maybe_recompile pc=0x00000269b368c9a4 method=java.util.regex.Pattern$CharProperty.match(Ljava/util/regex/Matcher;ILjava/lang/CharSequence;)Z @ 37
Event: 5.747 Thread 0x00000269b17fd800 Uncommon trap: reason=class_check action=maybe_recompile pc=0x00000269b368c9a4 method=java.util.regex.Pattern$CharProperty.match(Ljava/util/regex/Matcher;ILjava/lang/CharSequence;)Z @ 37
Event: 5.748 Thread 0x00000269b17fd800 Uncommon trap: reason=class_check action=maybe_recompile pc=0x00000269b368c9a4 method=java.util.regex.Pattern$CharProperty.match(Ljava/util/regex/Matcher;ILjava/lang/CharSequence;)Z @ 37
Event: 5.856 Thread 0x00000269b17fd800 Uncommon trap: reason=unstable_if action=reinterpret pc=0x00000269b3719560 method=java.net.URL.<init>(Ljava/net/URL;Ljava/lang/String;Ljava/net/URLStreamHandler;)V @ 441
Event: 9.332 Thread 0x00000269b1b95800 Uncommon trap: reason=unstable_if action=reinterpret pc=0x00000269b316343c method=java.util.HashMap$HashIterator.<init>(Ljava/util/HashMap;)V @ 45

Classes redefined (0 events):
No events

Internal exceptions (10 events):
Event: 4.052 Thread 0x00000269b17fd800 Exception <a 'java/lang/ClassNotFoundException': java/lang/ObjectCustomizer> (0x0000000741b81a98) thrown at [C:\jenkins\workspace\Zulu\zulu-platform-build\27969\zulu-src.git\hotspot\src\share\vm\classfile\systemDictionary.cpp, line 220]
Event: 4.053 Thread 0x00000269b17fd800 Exception <a 'java/lang/ClassNotFoundException': net/miginfocom/layout/BoundSizeCustomizer> (0x0000000741baeb38) thrown at [C:\jenkins\workspace\Zulu\zulu-platform-build\27969\zulu-src.git\hotspot\src\share\vm\classfile\systemDictionary.cpp, line 220]
Event: 4.070 Thread 0x00000269b17fd800 Implicit null exception at 0x00000269b301f5c0 to 0x00000269b3023671
Event: 4.132 Thread 0x00000269b17fd800 Implicit null exception at 0x00000269b30d1c4f to 0x00000269b30d5a75
Event: 4.632 Thread 0x00000269b17fd800 Implicit null exception at 0x00000269b314ecac to 0x00000269b314ee25
Event: 4.769 Thread 0x00000269b17fd800 Exception <a 'java/lang/NoClassDefFoundError': jupyter/Displayer> (0x000000074315d638) thrown at [C:\jenkins\workspace\Zulu\zulu-platform-build\27969\zulu-src.git\hotspot\src\share\vm\classfile\systemDictionary.cpp, line 209]
Event: 4.960 Thread 0x00000269b17fd800 Exception <a 'sun/nio/fs/WindowsException'> (0x0000000743d84648) thrown at [C:\jenkins\workspace\Zulu\zulu-platform-build\27969\zulu-src.git\hotspot\src\share\vm\prims\jni.cpp, line 712]
Event: 5.410 Thread 0x00000269b17fd800 Implicit null exception at 0x00000269b3101d14 to 0x00000269b3101f99
Event: 9.479 Thread 0x00000269b165c000 Exception <a 'java/lang/InterruptedException'> (0x0000000740fe8400) thrown at [C:\jenkins\workspace\Zulu\zulu-platform-build\27969\zulu-src.git\hotspot\src\share\vm\runtime\objectMonitor.cpp, line 1692]
Event: 9.479 Thread 0x00000269d208d800 Exception <a 'java/lang/InterruptedException'> (0x000000074116bab8) thrown at [C:\jenkins\workspace\Zulu\zulu-platform-build\27969\zulu-src.git\hotspot\src\share\vm\runtime\objectMonitor.cpp, line 1692]

Events (10 events):
Event: 9.479 Thread 0x00000269b165c000 Thread exited: 0x00000269b165c000
Event: 9.479 Executing VM operation: RevokeBias
Event: 9.479 Thread 0x00000269b165d000 Thread exited: 0x00000269b165d000
Event: 9.480 Executing VM operation: RevokeBias done
Event: 9.480 Executing VM operation: RevokeBias
Event: 9.480 Executing VM operation: RevokeBias done
Event: 9.480 Executing VM operation: RevokeBias
Event: 9.480 Executing VM operation: RevokeBias done
Event: 9.484 Thread 0x00000269b1655000 Thread exited: 0x00000269b1655000
Event: 9.504 Thread 0x00000269b1659000 Thread exited: 0x00000269b1659000


Dynamic libraries:
0x00007ff7c4890000 - 0x00007ff7c48ac000 	C:\Users\abril\anaconda3\envs\imagej\envs\pyimagej\python.exe
0x00007ffca3fd0000 - 0x00007ffca41e7000 	C:\Windows\SYSTEM32\ntdll.dll
0x00007ffca3490000 - 0x00007ffca3554000 	C:\Windows\System32\KERNEL32.DLL
0x00007ffca1960000 - 0x00007ffca1d0c000 	C:\Windows\System32\KERNELBASE.dll
0x00007ffca1300000 - 0x00007ffca1411000 	C:\Windows\System32\ucrtbase.dll
0x00007ffc959b0000 - 0x00007ffc959ce000 	C:\Users\abril\anaconda3\envs\imagej\envs\pyimagej\VCRUNTIME140.dll
0x00007ffc4e5d0000 - 0x00007ffc4ecf0000 	C:\Users\abril\anaconda3\envs\imagej\envs\pyimagej\python312.dll
0x00007ffca3d60000 - 0x00007ffca3dd1000 	C:\Windows\System32\WS2_32.dll
0x00007ffca3ad0000 - 0x00007ffca3be5000 	C:\Windows\System32\RPCRT4.dll
0x00007ffc9add0000 - 0x00007ffc9adda000 	C:\Windows\SYSTEM32\VERSION.dll
0x00007ffca1d90000 - 0x00007ffca1e37000 	C:\Windows\System32\msvcrt.dll
0x00007ffca14e0000 - 0x00007ffca1508000 	C:\Windows\System32\bcrypt.dll
0x00007ffca31e0000 - 0x00007ffca3292000 	C:\Windows\System32\ADVAPI32.dll
0x00007ffca3bf0000 - 0x00007ffca3c9a000 	C:\Windows\System32\sechost.dll
0x00007ffc8cfb0000 - 0x00007ffc8cfca000 	C:\Users\abril\anaconda3\envs\imagej\envs\pyimagej\zlib.dll
0x00007ffca1510000 - 0x00007ffca158b000 	C:\Windows\System32\bcryptprimitives.dll
0x00000269adaf0000 - 0x00000269adaff000 	C:\Users\abril\anaconda3\envs\imagej\envs\pyimagej\python3.DLL
0x00007ffc5feb0000 - 0x00007ffc6028f000 	C:\Users\abril\anaconda3\envs\imagej\envs\pyimagej\Lib\site-packages\numpy\_core\_multiarray_umath.cp312-win_amd64.pyd
0x00007ffc8cf20000 - 0x00007ffc8cfad000 	C:\Users\abril\anaconda3\envs\imagej\envs\pyimagej\MSVCP140.dll
0x00007ffc959a0000 - 0x00007ffc959ac000 	C:\Users\abril\anaconda3\envs\imagej\envs\pyimagej\VCRUNTIME140_1.dll
0x00007ffc49bb0000 - 0x00007ffc4c17b000 	C:\Users\abril\anaconda3\envs\imagej\envs\pyimagej\Library\bin\libcblas.dll
0x00007ffc8cf00000 - 0x00007ffc8cf14000 	C:\Users\abril\anaconda3\envs\imagej\envs\pyimagej\Lib\site-packages\numpy\_core\_multiarray_tests.cp312-win_amd64.pyd
0x00007ffc8ced0000 - 0x00007ffc8cef2000 	C:\Users\abril\anaconda3\envs\imagej\envs\pyimagej\DLLs\_ctypes.pyd
0x00007ffca3de0000 - 0x00007ffca3f85000 	C:\Windows\System32\ole32.dll
0x00007ffca18c0000 - 0x00007ffca195a000 	C:\Windows\System32\msvcp_win.dll
0x00007ffca1d10000 - 0x00007ffca1d39000 	C:\Windows\System32\GDI32.dll
0x00007ffca1890000 - 0x00007ffca18b6000 	C:\Windows\System32\win32u.dll
0x00007ffca1590000 - 0x00007ffca16a9000 	C:\Windows\System32\gdi32full.dll
0x00007ffca2370000 - 0x00007ffca251e000 	C:\Windows\System32\USER32.dll
0x00007ffc8f8c0000 - 0x00007ffc8f8cc000 	C:\Users\abril\anaconda3\envs\imagej\envs\pyimagej\Library\bin\ffi-8.dll
0x00007ffca1fe0000 - 0x00007ffca2368000 	C:\Windows\System32\combase.dll
0x00007ffca27a0000 - 0x00007ffca2877000 	C:\Windows\System32\OLEAUT32.dll
0x00007ffca1fa0000 - 0x00007ffca1fd1000 	C:\Windows\System32\IMM32.DLL
0x00007ffc8cec0000 - 0x00007ffc8cecb000 	C:\Users\abril\anaconda3\envs\imagej\envs\pyimagej\DLLs\_wmi.pyd
0x00007ffc9e080000 - 0x00007ffc9e181000 	C:\Windows\SYSTEM32\PROPSYS.dll
0x00007ffc8cea0000 - 0x00007ffc8cebe000 	C:\Users\abril\anaconda3\envs\imagej\envs\pyimagej\Lib\site-packages\numpy\linalg\_umath_linalg.cp312-win_amd64.pyd
0x00007ffc475e0000 - 0x00007ffc49bab000 	C:\Users\abril\anaconda3\envs\imagej\envs\pyimagej\Library\bin\liblapack.dll
0x00007ffc45010000 - 0x00007ffc475db000 	C:\Users\abril\anaconda3\envs\imagej\envs\pyimagej\Library\bin\libblas.dll
0x00007ffc42c20000 - 0x00007ffc45001000 	C:\Users\abril\anaconda3\envs\imagej\envs\pyimagej\Library\bin\mkl_intel_thread.2.dll
0x00007ffc3e380000 - 0x00007ffc42c19000 	C:\Users\abril\anaconda3\envs\imagej\envs\pyimagej\Library\bin\mkl_core.2.dll
0x00007ffc3bae0000 - 0x00007ffc3e374000 	C:\Users\abril\anaconda3\envs\imagej\envs\pyimagej\Library\bin\mkl_avx2.2.dll
0x00007ffc3abd0000 - 0x00007ffc3bad9000 	C:\Users\abril\anaconda3\envs\imagej\envs\pyimagej\Library\bin\mkl_vml_avx2.2.dll
0x00007ffc86270000 - 0x00007ffc862e6000 	C:\Users\abril\anaconda3\envs\imagej\envs\pyimagej\Lib\site-packages\_jpype.cp312-win_amd64.pyd
0x00007ffc8ce50000 - 0x00007ffc8ce9c000 	C:\Users\abril\anaconda3\envs\imagej\envs\pyimagej\DLLs\_decimal.pyd
0x00007ffc8ce40000 - 0x00007ffc8ce50000 	C:\Users\abril\anaconda3\envs\imagej\envs\pyimagej\DLLs\_hashlib.pyd
0x00007ffc3a5a0000 - 0x00007ffc3abcf000 	C:\Users\abril\anaconda3\envs\imagej\envs\pyimagej\Library\bin\libcrypto-3-x64.dll
0x00007ffca16b0000 - 0x00007ffca1817000 	C:\Windows\System32\CRYPT32.dll
0x00007ffc86260000 - 0x00007ffc8626b000 	C:\Users\abril\anaconda3\envs\imagej\envs\pyimagej\DLLs\_bz2.pyd
0x00007ffc86220000 - 0x00007ffc86258000 	C:\Users\abril\anaconda3\envs\imagej\envs\pyimagej\Library\bin\LIBBZ2.dll
0x00007ffc86210000 - 0x00007ffc8621d000 	C:\Users\abril\anaconda3\envs\imagej\envs\pyimagej\DLLs\_lzma.pyd
0x00007ffc861e0000 - 0x00007ffc8620a000 	C:\Users\abril\anaconda3\envs\imagej\envs\pyimagej\Library\bin\liblzma.dll
0x00007ffc861c0000 - 0x00007ffc861d6000 	C:\Users\abril\anaconda3\envs\imagej\envs\pyimagej\DLLs\_socket.pyd
0x00007ffc9fe30000 - 0x00007ffc9fe5d000 	C:\Windows\SYSTEM32\IPHLPAPI.DLL
0x00007ffc861b0000 - 0x00007ffc861b9000 	C:\Users\abril\anaconda3\envs\imagej\envs\pyimagej\DLLs\select.pyd
0x00007ffc86190000 - 0x00007ffc861a5000 	C:\Users\abril\anaconda3\envs\imagej\envs\pyimagej\Lib\site-packages\psutil\_psutil_windows.pyd
0x00007ffca3560000 - 0x00007ffca3568000 	C:\Windows\System32\PSAPI.DLL
0x00007ffca2980000 - 0x00007ffca31dc000 	C:\Windows\System32\SHELL32.dll
0x00007ffca0190000 - 0x00007ffca01dd000 	C:\Windows\SYSTEM32\POWRPROF.dll
0x00007ffc93ba0000 - 0x00007ffc93bf0000 	C:\Windows\SYSTEM32\pdh.dll
0x00007ffca0170000 - 0x00007ffca0183000 	C:\Windows\SYSTEM32\UMPDC.dll
0x00007ffca01e0000 - 0x00007ffca01f4000 	C:\Windows\SYSTEM32\wtsapi32.dll
0x00007ffc86160000 - 0x00007ffc8618f000 	C:\Users\abril\anaconda3\envs\imagej\envs\pyimagej\Lib\site-packages\numpy\random\bit_generator.cp312-win_amd64.pyd
0x00007ffc83680000 - 0x00007ffc836ae000 	C:\Users\abril\anaconda3\envs\imagej\envs\pyimagej\Lib\site-packages\numpy\random\_common.cp312-win_amd64.pyd
0x00007ffc80af0000 - 0x00007ffc80b90000 	C:\Users\abril\anaconda3\envs\imagej\envs\pyimagej\Lib\site-packages\numpy\random\mtrand.cp312-win_amd64.pyd
0x00007ffc81680000 - 0x00007ffc816bb000 	C:\Users\abril\anaconda3\envs\imagej\envs\pyimagej\Lib\site-packages\numpy\random\_bounded_integers.cp312-win_amd64.pyd
0x00007ffc86140000 - 0x00007ffc8615a000 	C:\Users\abril\anaconda3\envs\imagej\envs\pyimagej\Lib\site-packages\numpy\random\_mt19937.cp312-win_amd64.pyd
0x00007ffc81660000 - 0x00007ffc81678000 	C:\Users\abril\anaconda3\envs\imagej\envs\pyimagej\Lib\site-packages\numpy\random\_philox.cp312-win_amd64.pyd
0x00007ffc80ad0000 - 0x00007ffc80aec000 	C:\Users\abril\anaconda3\envs\imagej\envs\pyimagej\Lib\site-packages\numpy\random\_pcg64.cp312-win_amd64.pyd
0x00007ffc80ab0000 - 0x00007ffc80ac4000 	C:\Users\abril\anaconda3\envs\imagej\envs\pyimagej\Lib\site-packages\numpy\random\_sfc64.cp312-win_amd64.pyd
0x00007ffc809f0000 - 0x00007ffc80aac000 	C:\Users\abril\anaconda3\envs\imagej\envs\pyimagej\Lib\site-packages\numpy\random\_generator.cp312-win_amd64.pyd
0x00007ffc81650000 - 0x00007ffc8165b000 	C:\Users\abril\anaconda3\envs\imagej\envs\pyimagej\Lib\site-packages\pandas\_libs\pandas_parser.cp312-win_amd64.pyd
0x00007ffc809e0000 - 0x00007ffc809eb000 	C:\Users\abril\anaconda3\envs\imagej\envs\pyimagej\Lib\site-packages\pandas\_libs\pandas_datetime.cp312-win_amd64.pyd
0x00007ffc6b100000 - 0x00007ffc6b212000 	C:\Users\abril\anaconda3\envs\imagej\envs\pyimagej\Lib\site-packages\pandas\_libs\interval.cp312-win_amd64.pyd
0x00007ffc4f210000 - 0x00007ffc4f3d0000 	C:\Users\abril\anaconda3\envs\imagej\envs\pyimagej\Lib\site-packages\pandas\_libs\hashtable.cp312-win_amd64.pyd
0x00007ffc809b0000 - 0x00007ffc809dc000 	C:\Users\abril\anaconda3\envs\imagej\envs\pyimagej\Lib\site-packages\pandas\_libs\missing.cp312-win_amd64.pyd
0x00007ffc6eee0000 - 0x00007ffc6ef0d000 	C:\Users\abril\anaconda3\envs\imagej\envs\pyimagej\Lib\site-packages\pandas\_libs\tslibs\dtypes.cp312-win_amd64.pyd
0x00007ffc80990000 - 0x00007ffc809a5000 	C:\Users\abril\anaconda3\envs\imagej\envs\pyimagej\Lib\site-packages\pandas\_libs\tslibs\ccalendar.cp312-win_amd64.pyd
0x00007ffc68db0000 - 0x00007ffc68dd0000 	C:\Users\abril\anaconda3\envs\imagej\envs\pyimagej\Lib\site-packages\pandas\_libs\tslibs\np_datetime.cp312-win_amd64.pyd
0x00007ffc664d0000 - 0x00007ffc6650c000 	C:\Users\abril\anaconda3\envs\imagej\envs\pyimagej\Lib\site-packages\pandas\_libs\tslibs\conversion.cp312-win_amd64.pyd
0x00007ffc664b0000 - 0x00007ffc664c1000 	C:\Users\abril\anaconda3\envs\imagej\envs\pyimagej\Lib\site-packages\pandas\_libs\tslibs\base.cp312-win_amd64.pyd
0x00007ffc663d0000 - 0x00007ffc664ad000 	C:\Users\abril\anaconda3\envs\imagej\envs\pyimagej\Lib\site-packages\pandas\_libs\tslibs\offsets.cp312-win_amd64.pyd
0x00007ffc5fe30000 - 0x00007ffc5feb0000 	C:\Users\abril\anaconda3\envs\imagej\envs\pyimagej\Lib\site-packages\pandas\_libs\tslibs\timestamps.cp312-win_amd64.pyd
0x00007ffc66390000 - 0x00007ffc663c4000 	C:\Users\abril\anaconda3\envs\imagej\envs\pyimagej\Lib\site-packages\pandas\_libs\tslibs\nattype.cp312-win_amd64.pyd
0x00007ffc4f0f0000 - 0x00007ffc4f168000 	C:\Users\abril\anaconda3\envs\imagej\envs\pyimagej\Lib\site-packages\pandas\_libs\tslibs\timedeltas.cp312-win_amd64.pyd
0x00007ffc56c10000 - 0x00007ffc56c49000 	C:\Users\abril\anaconda3\envs\imagej\envs\pyimagej\Lib\site-packages\pandas\_libs\tslibs\timezones.cp312-win_amd64.pyd
0x00007ffc747a0000 - 0x00007ffc747ad000 	C:\Users\abril\anaconda3\envs\imagej\envs\pyimagej\DLLs\_zoneinfo.pyd
0x00000269b0890000 - 0x00000269b0893000 	C:\Windows\SYSTEM32\tzres.dll
0x00007ffc53ce0000 - 0x00007ffc53d26000 	C:\Users\abril\anaconda3\envs\imagej\envs\pyimagej\Lib\site-packages\pandas\_libs\tslibs\fields.cp312-win_amd64.pyd
0x00007ffc4fc80000 - 0x00007ffc4fcc0000 	C:\Users\abril\anaconda3\envs\imagej\envs\pyimagej\Lib\site-packages\pandas\_libs\tslibs\tzconversion.cp312-win_amd64.pyd
0x00007ffc66370000 - 0x00007ffc66384000 	C:\Users\abril\anaconda3\envs\imagej\envs\pyimagej\Lib\site-packages\pandas\_libs\properties.cp312-win_amd64.pyd
0x00007ffc4f1b0000 - 0x00007ffc4f202000 	C:\Users\abril\anaconda3\envs\imagej\envs\pyimagej\Lib\site-packages\pandas\_libs\tslibs\parsing.cp312-win_amd64.pyd
0x00007ffc4f0a0000 - 0x00007ffc4f0ec000 	C:\Users\abril\anaconda3\envs\imagej\envs\pyimagej\Lib\site-packages\pandas\_libs\tslibs\strptime.cp312-win_amd64.pyd
0x00007ffc4ef60000 - 0x00007ffc4efc8000 	C:\Users\abril\anaconda3\envs\imagej\envs\pyimagej\Lib\site-packages\pandas\_libs\tslibs\period.cp312-win_amd64.pyd
0x00007ffc4f020000 - 0x00007ffc4f052000 	C:\Users\abril\anaconda3\envs\imagej\envs\pyimagej\Lib\site-packages\pandas\_libs\tslibs\vectorized.cp312-win_amd64.pyd
0x00007ffc66360000 - 0x00007ffc66370000 	C:\Users\abril\anaconda3\envs\imagej\envs\pyimagej\Lib\site-packages\pandas\_libs\ops_dispatch.cp312-win_amd64.pyd
0x00007ffc4e410000 - 0x00007ffc4e5cb000 	C:\Users\abril\anaconda3\envs\imagej\envs\pyimagej\Lib\site-packages\pandas\_libs\algos.cp312-win_amd64.pyd
0x00007ffc4e360000 - 0x00007ffc4e404000 	C:\Users\abril\anaconda3\envs\imagej\envs\pyimagej\Lib\site-packages\pandas\_libs\lib.cp312-win_amd64.pyd
0x00007ffc3a480000 - 0x00007ffc3a597000 	C:\Users\abril\anaconda3\envs\imagej\envs\pyimagej\DLLs\unicodedata.pyd
0x00007ffc4eeb0000 - 0x00007ffc4eee4000 	C:\Users\abril\anaconda3\envs\imagej\envs\pyimagej\Lib\site-packages\pandas\_libs\ops.cp312-win_amd64.pyd
0x00007ffc604d0000 - 0x00007ffc604fc000 	C:\Users\abril\anaconda3\envs\imagej\envs\pyimagej\Lib\site-packages\pandas\_libs\hashing.cp312-win_amd64.pyd
0x00007ffc60580000 - 0x00007ffc6059c000 	C:\Users\abril\anaconda3\envs\imagej\envs\pyimagej\Lib\site-packages\pandas\_libs\arrays.cp312-win_amd64.pyd
0x00007ffc4e310000 - 0x00007ffc4e352000 	C:\Users\abril\anaconda3\envs\imagej\envs\pyimagej\Lib\site-packages\pandas\_libs\tslib.cp312-win_amd64.pyd
0x00007ffc3a090000 - 0x00007ffc3a15e000 	C:\Users\abril\anaconda3\envs\imagej\envs\pyimagej\Lib\site-packages\pandas\_libs\sparse.cp312-win_amd64.pyd
0x00007ffc4e2b0000 - 0x00007ffc4e301000 	C:\Users\abril\anaconda3\envs\imagej\envs\pyimagej\Lib\site-packages\pandas\_libs\internals.cp312-win_amd64.pyd
0x00007ffc5fe10000 - 0x00007ffc5fe22000 	C:\Users\abril\anaconda3\envs\imagej\envs\pyimagej\Lib\site-packages\pandas\_libs\indexing.cp312-win_amd64.pyd
0x00007ffc39fd0000 - 0x00007ffc3a084000 	C:\Users\abril\anaconda3\envs\imagej\envs\pyimagej\Lib\site-packages\pandas\_libs\index.cp312-win_amd64.pyd
0x00007ffc4d900000 - 0x00007ffc4d933000 	C:\Users\abril\anaconda3\envs\imagej\envs\pyimagej\Lib\site-packages\pandas\_libs\writers.cp312-win_amd64.pyd
0x00007ffc39e30000 - 0x00007ffc39f3b000 	C:\Users\abril\anaconda3\envs\imagej\envs\pyimagej\Lib\site-packages\pandas\_libs\join.cp312-win_amd64.pyd
0x00007ffc4d200000 - 0x00007ffc4d257000 	C:\Users\abril\anaconda3\envs\imagej\envs\pyimagej\Lib\site-packages\pandas\_libs\window\aggregations.cp312-win_amd64.pyd
0x00007ffc4ee80000 - 0x00007ffc4eeab000 	C:\Users\abril\anaconda3\envs\imagej\envs\pyimagej\Lib\site-packages\pandas\_libs\window\indexers.cp312-win_amd64.pyd
0x00007ffc4d7f0000 - 0x00007ffc4d82f000 	C:\Users\abril\anaconda3\envs\imagej\envs\pyimagej\Lib\site-packages\pandas\_libs\reshape.cp312-win_amd64.pyd
0x00007ffc387a0000 - 0x00007ffc389b8000 	C:\Users\abril\anaconda3\envs\imagej\envs\pyimagej\Lib\site-packages\pandas\_libs\groupby.cp312-win_amd64.pyd
0x00007ffc634f0000 - 0x00007ffc634f8000 	C:\Users\abril\anaconda3\envs\imagej\envs\pyimagej\DLLs\_uuid.pyd
0x00007ffc5aa40000 - 0x00007ffc5aa51000 	C:\Users\abril\anaconda3\envs\imagej\envs\pyimagej\Lib\site-packages\pandas\_libs\json.cp312-win_amd64.pyd
0x00007ffc3a410000 - 0x00007ffc3a473000 	C:\Users\abril\anaconda3\envs\imagej\envs\pyimagej\Lib\site-packages\pandas\_libs\parsers.cp312-win_amd64.pyd
0x00007ffc56bf0000 - 0x00007ffc56c09000 	C:\Users\abril\anaconda3\envs\imagej\envs\pyimagej\Lib\site-packages\pandas\_libs\testing.cp312-win_amd64.pyd
0x00007ffc633e0000 - 0x00007ffc633e9000 	C:\Users\abril\anaconda3\envs\imagej\envs\pyimagej\DLLs\_queue.pyd
0x00007ffc39dc0000 - 0x00007ffc39e27000 	C:\Users\abril\anaconda3\envs\imagej\envs\pyimagej\Lib\site-packages\PIL\_imaging.cp312-win_amd64.pyd
0x00007ffc39d40000 - 0x00007ffc39dbb000 	C:\Users\abril\anaconda3\envs\imagej\envs\pyimagej\Library\bin\tiff.dll
0x00007ffc38a70000 - 0x00007ffc38acb000 	C:\Users\abril\anaconda3\envs\imagej\envs\pyimagej\Library\bin\openjp2.dll
0x00007ffc386d0000 - 0x00007ffc38798000 	C:\Users\abril\anaconda3\envs\imagej\envs\pyimagej\Library\bin\jpeg8.dll
0x00007ffc39f90000 - 0x00007ffc39fc1000 	C:\Users\abril\anaconda3\envs\imagej\envs\pyimagej\Library\bin\deflate.dll
0x00007ffc38640000 - 0x00007ffc386c4000 	C:\Users\abril\anaconda3\envs\imagej\envs\pyimagej\Library\bin\Lerc.dll
0x00007ffc30680000 - 0x00007ffc30724000 	C:\Users\abril\anaconda3\envs\imagej\envs\pyimagej\Library\bin\zstd.dll
0x00000000555b0000 - 0x0000000055e21000 	C:\Users\abril\anaconda3\envs\imagej\envs\pyimagej\Library\jre\bin\server\jvm.dll
0x00007ffc9a9e0000 - 0x00007ffc9aa14000 	C:\Windows\SYSTEM32\WINMM.dll
0x00007ffc9aa50000 - 0x00007ffc9aa59000 	C:\Windows\SYSTEM32\WSOCK32.dll
0x00007ffc63160000 - 0x00007ffc63170000 	C:\Users\abril\anaconda3\envs\imagej\envs\pyimagej\Library\jre\bin\verify.dll

VM Arguments:
java_command: <unknown>
java_class_path (initial): C:\Users\abril\.jgo\net.imagej\imagej\RELEASE\28b74e6959b0634f2a8e10c27afe06e7039fb4a0dc582d9746d028ba40e5bd04\annotations-13.0.jar;C:\Users\abril\.jgo\net.imagej\imagej\RELEASE\28b74e6959b0634f2a8e10c27afe06e7039fb4a0dc582d9746d028ba40e5bd04\ant-1.10.13.jar;C:\Users\abril\.jgo\net.imagej\imagej\RELEASE\28b74e6959b0634f2a8e10c27afe06e7039fb4a0dc582d9746d028ba40e5bd04\ant-launcher-1.10.13.jar;C:\Users\abril\.jgo\net.imagej\imagej\RELEASE\28b74e6959b0634f2a8e10c27afe06e7039fb4a0dc582d9746d028ba40e5bd04\antlr-3.5.3.jar;C:\Users\abril\.jgo\net.imagej\imagej\RELEASE\28b74e6959b0634f2a8e10c27afe06e7039fb4a0dc582d9746d028ba40e5bd04\antlr-runtime-3.5.3.jar;C:\Users\abril\.jgo\net.imagej\imagej\RELEASE\28b74e6959b0634f2a8e10c27afe06e7039fb4a0dc582d9746d028ba40e5bd04\asm-9.5.jar;C:\Users\abril\.jgo\net.imagej\imagej\RELEASE\28b74e6959b0634f2a8e10c27afe06e7039fb4a0dc582d9746d028ba40e5bd04\asm-analysis-9.5.jar;C:\Users\abril\.jgo\net.imagej\imagej\RELEASE\28b74e6959b0634f2a8e10c27afe06e7039fb4a0dc582d9746d028ba40e5bd04\asm-commons-9.5.jar;C:\Users\abril\.jgo\net.imagej\imagej\RELEASE\28b74e6959b0634f2a8e10c27afe06e7039fb4a0dc582d9746d028ba40e5bd04\asm-tree-9.5.jar;C:\Users\abril\.jgo\net.imagej\imagej\RELEASE\28b74e6959b0634f2a8e10c27afe06e7039fb4a0dc582d9746d028ba40e5bd04\asm-util-9.5.jar;C:\Users\abril\.jgo\net.imagej\imagej\RELEASE\28b74e6959b0634f2a8e10c27afe06e7039fb4a0dc582d9746d028ba40e5bd04\autocomplete-3.3.1.jar;C:\Users\abril\.jgo\net.imagej\imagej\RELEASE\28b74e6959b0634f2a8e10c27afe06e7039fb4a0dc582d9746d028ba40e5bd04\base-18.09.0.jar;C:\Users\abril\.jgo\net.imagej\imagej\RELEASE\28b74e6959b0634f2a8e10c27afe06e7039fb4a0dc582d9746d028ba40e5bd04\base64-2.3.8.jar;C:\Users\abril\.jgo\net.imagej\imagej\RELEASE\28b74e6959b0634f2a8e10c27afe06e7039fb4a0dc582d9746d028ba40e5bd04\batch-processor-0.4.2.jar;C:\Users\abril\.jgo\net.imagej\imagej\RELEASE\28b74e6959b0634f2a8e10c27afe06e7039fb4a0dc582d9746d028ba40e5bd04\bcpkix-jdk15on-1.62.jar;C:\Users\a
Launcher Type: generic

Environment Variables:
JAVA_HOME=C:\Users\abril\anaconda3\envs\imagej\envs\pyimagej\Library
PATH=C:\Users\abril\anaconda3\envs\imagej\envs\pyimagej;C:\Users\abril\anaconda3\envs\imagej\envs\pyimagej\Library\mingw-w64\bin;C:\Users\abril\anaconda3\envs\imagej\envs\pyimagej\Library\usr\bin;C:\Users\abril\anaconda3\envs\imagej\envs\pyimagej\Library\bin;C:\Users\abril\anaconda3\envs\imagej\envs\pyimagej\Scripts;C:\Users\abril\anaconda3\envs\imagej\envs\pyimagej\bin;C:\Users\abril\anaconda3\condabin;C:\Windows\system32;C:\Windows;C:\Windows\System32\Wbem;C:\Windows\System32\WindowsPowerShell\v1.0;C:\Windows\System32\OpenSSH;C:\Program Files (x86)\NVIDIA Corporation\PhysX\Common;C:\Program Files\NVIDIA Corporation\NVIDIA NvDLISR;C:\Program Files\Git\cmd;C:\Users\abril\AppData\Local\Programs\Python\Python312\Scripts;C:\Users\abril\AppData\Local\Programs\Python\Python312;C:\Users\abril\AppData\Local\Programs\Python\Launcher;C:\Users\abril\AppData\Local\Microsoft\WindowsApps;C:\Users\abril\AppData\Local\GitHubDesktop\bin;C:\Users\abril\AppData\Local\Programs\Microsoft VS Code\bin;C:\Windows\system32;C:\Windows;C:\Windows\System32\Wbem;C:\Windows\System32\WindowsPowerShell\v1.0\;C:\Windows\System32\OpenSSH\;C:\Program Files (x86)\NVIDIA Corporation\PhysX\Common;C:\Program Files\NVIDIA Corporation\NVIDIA NvDLISR;C:\Program Files\Git\cmd;C:\Users\abril\AppData\Local\Programs\Python\Python312\Scripts\;C:\Users\abril\AppData\Local\Programs\Python\Python312\;C:\Users\abril\AppData\Local\Programs\Python\Launcher\;C:\Users\abril\AppData\Local\Microsoft\WindowsApps;C:\Users\abril\AppData\Local\GitHubDesktop\bin;C:\Users\abril\AppData\Local\Programs\Microsoft VS Code\bin
USERNAME=abril
OS=Windows_NT
PROCESSOR_IDENTIFIER=Intel64 Family 6 Model 60 Stepping 3, GenuineIntel



---------------  S Y S T E M  ---------------

OS: Windows 11 , 64 bit Build 22621 (10.0.22621.3672)

CPU:total 4 (initial active 4) (4 cores per cpu, 1 threads per core) family 6 model 60 stepping 3, cmov, cx8, fxsr, mmx, sse, sse2, sse3, ssse3, sse4.1, sse4.2, popcnt, avx, avx2, aes, clmul, erms, lzcnt, tsc, tscinvbit, bmi1, bmi2

Memory: 4k page, physical 25045076k(18598308k free), swap 26617940k(17973248k free)

vm_info: OpenJDK 64-Bit Server VM (25.412-b08) for windows-amd64 JRE (Zulu 8.78.0.19-CA-win64) (1.8.0_412-b08), built on Mar 28 2024 10:49:41 by "abrygin" with MS VC++ 15.9 (VS2017)

time: Sun Jun 30 18:23:05 2024
timezone: Mitteleuropäische Sommerzeit
elapsed time: 9.589007 seconds (0d 0h 0m 9s)

